Using pre-set license
Built from '2021.3/china_unity/release' branch; Version is '2021.3.19f1c1 (b8e3cea1e9d3) revision 12116942'; Using compiler version '192829333'; Build Type 'Release'
OS: 'Windows 11  (10.0.22631) 64bit CoreCountrySpecific' Language: 'zh' Physical Memory: 16310 MB
BatchMode: 1, IsHumanControllingUs: 0, StartBugReporterOnCrash: 0, Is64bit: 1, IsPro: 1

COMMAND LINE ARGUMENTS:
G:\2021.3.19f1c1\Editor\Unity.exe
-adb2
-batchMode
-noUpm
-name
AssetImportWorker0
-projectPath
F:/u3d项目/act/ACT
-logFile
Logs/AssetImportWorker0.log
-srvPort
55268
Successfully changed project path to: F:/u3d项目/act/ACT
F:/u3d项目/act/ACT
[UnityMemory] Configuration Parameters - Can be set up in boot.config
    "memorysetup-bucket-allocator-granularity=16"
    "memorysetup-bucket-allocator-bucket-count=8"
    "memorysetup-bucket-allocator-block-size=33554432"
    "memorysetup-bucket-allocator-block-count=8"
    "memorysetup-main-allocator-block-size=16777216"
    "memorysetup-thread-allocator-block-size=16777216"
    "memorysetup-gfx-main-allocator-block-size=16777216"
    "memorysetup-gfx-thread-allocator-block-size=16777216"
    "memorysetup-cache-allocator-block-size=4194304"
    "memorysetup-typetree-allocator-block-size=2097152"
    "memorysetup-profiler-bucket-allocator-granularity=16"
    "memorysetup-profiler-bucket-allocator-bucket-count=8"
    "memorysetup-profiler-bucket-allocator-block-size=33554432"
    "memorysetup-profiler-bucket-allocator-block-count=8"
    "memorysetup-profiler-allocator-block-size=16777216"
    "memorysetup-profiler-editor-allocator-block-size=1048576"
    "memorysetup-temp-allocator-size-main=16777216"
    "memorysetup-job-temp-allocator-block-size=2097152"
    "memorysetup-job-temp-allocator-block-size-background=1048576"
    "memorysetup-job-temp-allocator-reduction-small-platforms=262144"
    "memorysetup-temp-allocator-size-background-worker=32768"
    "memorysetup-temp-allocator-size-job-worker=262144"
    "memorysetup-temp-allocator-size-preload-manager=33554432"
    "memorysetup-temp-allocator-size-nav-mesh-worker=65536"
    "memorysetup-temp-allocator-size-audio-worker=65536"
    "memorysetup-temp-allocator-size-cloud-worker=32768"
    "memorysetup-temp-allocator-size-gi-baking-worker=262144"
    "memorysetup-temp-allocator-size-gfx=262144"
Player connection [14468] Host "[IP] 192.168.31.36 [Port] 0 [Flags] 2 [Guid] 1832073837 [EditorId] 1832073837 [Version] 1048832 [Id] WindowsEditor(7,DESKTOP-R4353GB) [Debug] 1 [PackageName] WindowsEditor [ProjectName] Editor" joined multi-casting on [225.0.0.222:54997]...

Player connection [14468] Host "[IP] 192.168.31.36 [Port] 0 [Flags] 2 [Guid] 1832073837 [EditorId] 1832073837 [Version] 1048832 [Id] WindowsEditor(7,DESKTOP-R4353GB) [Debug] 1 [PackageName] WindowsEditor [ProjectName] Editor" joined alternative multi-casting on [225.0.0.222:34997]...

AS: AutoStreaming module initializing.
Refreshing native plugins compatible for Editor in 61.07 ms, found 3 plugins.
Preloading 0 native plugins for Editor in 0.00 ms.
Initialize engine version: 2021.3.19f1c1 (b8e3cea1e9d3)
[Subsystems] Discovering subsystems at path G:/2021.3.19f1c1/Editor/Data/Resources/UnitySubsystems
[Subsystems] Discovering subsystems at path F:/u3d项目/act/ACT/Assets
GfxDevice: creating device client; threaded=0; jobified=0
Direct3D:
    Version:  Direct3D 11.0 [level 11.1]
    Renderer: NVIDIA GeForce RTX 3070 Ti (ID=0x2482)
    Vendor:   NVIDIA
    VRAM:     8031 MB
    Driver:   31.0.15.3623
Initialize mono
Mono path[0] = 'G:/2021.3.19f1c1/Editor/Data/Managed'
Mono path[1] = 'G:/2021.3.19f1c1/Editor/Data/MonoBleedingEdge/lib/mono/unityjit-win32'
Mono config path = 'G:/2021.3.19f1c1/Editor/Data/MonoBleedingEdge/etc'
Using monoOptions --debugger-agent=transport=dt_socket,embedding=1,server=y,suspend=n,address=127.0.0.1:56128
Begin MonoManager ReloadAssembly
Registering precompiled unity dll's ...
Register platform support module: G:/2021.3.19f1c1/Editor/Data/PlaybackEngines/WebGLSupport/UnityEditor.WebGL.Extensions.dll
Register platform support module: G:/2021.3.19f1c1/Editor/Data/PlaybackEngines/WindowsStandaloneSupport/UnityEditor.WindowsStandalone.Extensions.dll
Registered in 0.003246 seconds.
Native extension for WindowsStandalone target not found
Native extension for WebGL target not found
Refreshing native plugins compatible for Editor in 57.80 ms, found 3 plugins.
Preloading 0 native plugins for Editor in 0.00 ms.
Mono: successfully reloaded assembly
- Completed reload, in  0.518 seconds
Domain Reload Profiling:
	ReloadAssembly (518ms)
		BeginReloadAssembly (79ms)
			ExecutionOrderSort (0ms)
			DisableScriptedObjects (0ms)
			BackupInstance (0ms)
			ReleaseScriptingObjects (0ms)
			CreateAndSetChildDomain (1ms)
		EndReloadAssembly (348ms)
			LoadAssemblies (75ms)
			RebuildTransferFunctionScriptingTraits (0ms)
			SetupTypeCache (78ms)
			ReleaseScriptCaches (0ms)
			RebuildScriptCaches (22ms)
			SetupLoadedEditorAssemblies (199ms)
				LogAssemblyErrors (0ms)
				InitializePlatformSupportModulesInManaged (7ms)
				SetLoadedEditorAssemblies (0ms)
				RefreshPlugins (58ms)
				BeforeProcessingInitializeOnLoad (1ms)
				ProcessInitializeOnLoadAttributes (91ms)
				ProcessInitializeOnLoadMethodAttributes (41ms)
				AfterProcessingInitializeOnLoad (0ms)
				EditorAssembliesLoaded (0ms)
			ExecutionOrderSort2 (0ms)
			AwakeInstancesAfterBackupRestoration (0ms)
Platform modules already initialized, skipping
Registering precompiled user dll's ...
Registered in 0.010701 seconds.
Begin MonoManager ReloadAssembly
Symbol file LoadedFromMemory doesn't match image F:\u3d项目\act\ACT\Library\PackageCache\com.unity.visualscripting@1.8.0\Editor\VisualScripting.Core\Dependencies\YamlDotNet\Unity.VisualScripting.YamlDotNet.dll
Symbol file LoadedFromMemory doesn't match image F:\u3d项目\act\ACT\Library\PackageCache\com.unity.visualscripting@1.8.0\Editor\VisualScripting.Core\Dependencies\DotNetZip\Unity.VisualScripting.IonicZip.dll
Native extension for WindowsStandalone target not found
Native extension for WebGL target not found
Refreshing native plugins compatible for Editor in 0.57 ms, found 3 plugins.
Preloading 0 native plugins for Editor in 0.00 ms.
Mono: successfully reloaded assembly
- Completed reload, in  0.933 seconds
Domain Reload Profiling:
	ReloadAssembly (934ms)
		BeginReloadAssembly (105ms)
			ExecutionOrderSort (0ms)
			DisableScriptedObjects (5ms)
			BackupInstance (0ms)
			ReleaseScriptingObjects (0ms)
			CreateAndSetChildDomain (19ms)
		EndReloadAssembly (730ms)
			LoadAssemblies (83ms)
			RebuildTransferFunctionScriptingTraits (0ms)
			SetupTypeCache (190ms)
			ReleaseScriptCaches (1ms)
			RebuildScriptCaches (36ms)
			SetupLoadedEditorAssemblies (385ms)
				LogAssemblyErrors (0ms)
				InitializePlatformSupportModulesInManaged (4ms)
				SetLoadedEditorAssemblies (0ms)
				RefreshPlugins (1ms)
				BeforeProcessingInitializeOnLoad (65ms)
				ProcessInitializeOnLoadAttributes (289ms)
				ProcessInitializeOnLoadMethodAttributes (14ms)
				AfterProcessingInitializeOnLoad (12ms)
				EditorAssembliesLoaded (0ms)
			ExecutionOrderSort2 (0ms)
			AwakeInstancesAfterBackupRestoration (9ms)
Platform modules already initialized, skipping
========================================================================
Worker process is ready to serve import requests
Launched and connected shader compiler UnityShaderCompiler.exe after 0.06 seconds
Refreshing native plugins compatible for Editor in 0.67 ms, found 3 plugins.
Preloading 0 native plugins for Editor in 0.00 ms.
Unloading 3047 Unused Serialized files (Serialized files now loaded: 0)
Unloading 24 unused Assets / (113.5 KB). Loaded Objects now: 3508.
Memory consumption went from 107.5 MB to 107.4 MB.
Total: 3.086700 ms (FindLiveObjects: 0.242900 ms CreateObjectMapping: 0.139900 ms MarkObjects: 2.611300 ms  DeleteObjects: 0.091700 ms)

AssetImportParameters requested are different than current active one (requested -> active):
  custom:video-decoder-ogg-theora: a1e56fd34408186e4bbccfd4996cb3dc -> 
  custom:container-muxer-webm: aa71ff27fc2769a1b78a27578f13a17b -> 
  custom:container-demuxer-webm: 4f35f7cbe854078d1ac9338744f61a02 -> 
  custom:video-encoder-webm-vp8: eb34c28f22e8b96e1ab97ce403110664 -> 
  custom:audio-encoder-webm-vorbis: bf7c407c2cedff20999df2af8eb42d56 -> 
  custom:framework-win-MediaFoundation: 216162199b28c13a410421893ffa2e32 -> 
  custom:container-demuxer-ogg: 62fdf1f143b41e24485cea50d1cbac27 -> 
  custom:video-decoder-webm-vp8: 9c59270c3fd7afecdb556c50c9e8de78 -> 
  custom:audio-decoder-ogg-vorbis: bf7c407c2cedff20999df2af8eb42d56 -> 
========================================================================
Received Import Request.
  Time since last request: 92700.127593 seconds.
  path: Assets
  artifactKey: Guid(00000000000000001000000000000000) Importer(815301076,1909f56bfc062723c751e8b465ee728b)
Start importing Assets using Guid(00000000000000001000000000000000) Importer(815301076,1909f56bfc062723c751e8b465ee728b)  -> (artifact id: '79842766b460edbeab6a34051e857a80') in 0.007336 seconds 
========================================================================
Received Import Request.
  Time since last request: 26.892937 seconds.
  path: Assets/Material
  artifactKey: Guid(a5f5b167deb289f439c81a8f009f2e51) Importer(815301076,1909f56bfc062723c751e8b465ee728b)
Start importing Assets/Material using Guid(a5f5b167deb289f439c81a8f009f2e51) Importer(815301076,1909f56bfc062723c751e8b465ee728b)  -> (artifact id: 'b367a646bf9adaa896e4376576222d5a') in 0.002497 seconds 
========================================================================
Received Import Request.
  Time since last request: 14.722406 seconds.
  path: Assets/Material/test.mat
  artifactKey: Guid(45f9d59b2619253498347f8a08153ae3) Importer(815301076,1909f56bfc062723c751e8b465ee728b)
Start importing Assets/Material/test.mat using Guid(45f9d59b2619253498347f8a08153ae3) Importer(815301076,1909f56bfc062723c751e8b465ee728b)  -> (artifact id: '865645ea8652f3b5ac09c479dfc7aa8b') in 0.166055 seconds 
========================================================================
Received Import Request.
  Time since last request: 154.181524 seconds.
  path: Assets/Material/test.mat
  artifactKey: Guid(45f9d59b2619253498347f8a08153ae3) Importer(815301076,1909f56bfc062723c751e8b465ee728b)
Start importing Assets/Material/test.mat using Guid(45f9d59b2619253498347f8a08153ae3) Importer(815301076,1909f56bfc062723c751e8b465ee728b)  -> (artifact id: 'c484ae39034bf660a479fba719c76ee3') in 0.012349 seconds 
========================================================================
Received Import Request.
  Time since last request: 504.942906 seconds.
  path: Assets/AllSkyFree/_AllSkyFreeDemoEnvironment
  artifactKey: Guid(4392334f044e44affbf9f5162eb718ae) Importer(815301076,1909f56bfc062723c751e8b465ee728b)
Start importing Assets/AllSkyFree/_AllSkyFreeDemoEnvironment using Guid(4392334f044e44affbf9f5162eb718ae) Importer(815301076,1909f56bfc062723c751e8b465ee728b)  -> (artifact id: '070da8c8ab5525c6003c4c63fe410256') in 0.002024 seconds 
========================================================================
Received Import Request.
  Time since last request: 0.101972 seconds.
  path: Assets/AllSkyFree/_AllSkyFreeDemoEnvironment/AdditiveSprite.mat
  artifactKey: Guid(55c04ce684cb542debc357409498bc4e) Importer(815301076,1909f56bfc062723c751e8b465ee728b)
Start importing Assets/AllSkyFree/_AllSkyFreeDemoEnvironment/AdditiveSprite.mat using Guid(55c04ce684cb542debc357409498bc4e) Importer(815301076,1909f56bfc062723c751e8b465ee728b)  -> (artifact id: '6c58d8278d02488f3cec10f3ab10bf4d') in 0.034046 seconds 
========================================================================
Received Import Request.
  Time since last request: 0.000026 seconds.
  path: Assets/AllSkyFree/_AllSkyFreeDemoEnvironment/Moon Glare.flare
  artifactKey: Guid(abbc1e6231a944490a02e2ad613ec906) Importer(815301076,1909f56bfc062723c751e8b465ee728b)
Start importing Assets/AllSkyFree/_AllSkyFreeDemoEnvironment/Moon Glare.flare using Guid(abbc1e6231a944490a02e2ad613ec906) Importer(815301076,1909f56bfc062723c751e8b465ee728b)  -> (artifact id: '43b33ebba3cfe91e3642125a53ec0406') in 0.010284 seconds 
========================================================================
Received Import Request.
  Time since last request: 0.000019 seconds.
  path: Assets/AllSkyFree/_AllSkyFreeDemoEnvironment/AllSky_DemoEnvironment_Center.fbx
  artifactKey: Guid(258cb4865d37b4292be3195af50aaa8c) Importer(815301076,1909f56bfc062723c751e8b465ee728b)
Start importing Assets/AllSkyFree/_AllSkyFreeDemoEnvironment/AllSky_DemoEnvironment_Center.fbx using Guid(258cb4865d37b4292be3195af50aaa8c) Importer(815301076,1909f56bfc062723c751e8b465ee728b)  -> (artifact id: '77d3f55a5108177ebe6333c6fd27c504') in 0.126970 seconds 
========================================================================
Received Import Request.
  Time since last request: 0.000034 seconds.
  path: Assets/AllSkyFree/_AllSkyFreeDemoEnvironment/AllSky_DemoEnvironment_Light.fbx
  artifactKey: Guid(d9ad0f74d68824711bc800186cf63d22) Importer(815301076,1909f56bfc062723c751e8b465ee728b)
Start importing Assets/AllSkyFree/_AllSkyFreeDemoEnvironment/AllSky_DemoEnvironment_Light.fbx using Guid(d9ad0f74d68824711bc800186cf63d22) Importer(815301076,1909f56bfc062723c751e8b465ee728b)  -> (artifact id: '1404c6530078ad9e325b5c995297acfd') in 0.015968 seconds 
========================================================================
Received Import Request.
  Time since last request: 0.000029 seconds.
  path: Assets/AllSkyFree/_AllSkyFreeDemoEnvironment/AllSky_DemoEnvironment02.fbx
  artifactKey: Guid(e8f07670fb0274e35a65e6e98594a930) Importer(815301076,1909f56bfc062723c751e8b465ee728b)
Start importing Assets/AllSkyFree/_AllSkyFreeDemoEnvironment/AllSky_DemoEnvironment02.fbx using Guid(e8f07670fb0274e35a65e6e98594a930) Importer(815301076,1909f56bfc062723c751e8b465ee728b)  -> (artifact id: '774413c7d41571fab59c9bff94285674') in 0.023734 seconds 
========================================================================
Received Import Request.
  Time since last request: 0.000021 seconds.
  path: Assets/AllSkyFree/_AllSkyFreeDemoEnvironment/Sun Glare.flare
  artifactKey: Guid(b5a6cf5f31f1943c587519cdea1e27dc) Importer(815301076,1909f56bfc062723c751e8b465ee728b)
Start importing Assets/AllSkyFree/_AllSkyFreeDemoEnvironment/Sun Glare.flare using Guid(b5a6cf5f31f1943c587519cdea1e27dc) Importer(815301076,1909f56bfc062723c751e8b465ee728b)  -> (artifact id: '1c2c466ff5c02c973272739bfd9360e9') in 0.002731 seconds 
========================================================================
Received Import Request.
  Time since last request: 0.000015 seconds.
  path: Assets/AllSkyFree/_AllSkyFreeDemoEnvironment/MoonGlow.prefab
  artifactKey: Guid(cbbc4ba2ae44f43b1b809ffb964ac38e) Importer(815301076,1909f56bfc062723c751e8b465ee728b)
Start importing Assets/AllSkyFree/_AllSkyFreeDemoEnvironment/MoonGlow.prefab using Guid(cbbc4ba2ae44f43b1b809ffb964ac38e) Importer(815301076,1909f56bfc062723c751e8b465ee728b)  -> (artifact id: 'cbd2d17f2cae93336fe5e576b4a85aef') in 0.006680 seconds 
========================================================================
Received Import Request.
  Time since last request: 0.000021 seconds.
  path: Assets/AllSkyFree/_AllSkyFreeDemoEnvironment/Mountain Glare.flare
  artifactKey: Guid(2a00ea45fcd354f66aa8d68da3f62026) Importer(815301076,1909f56bfc062723c751e8b465ee728b)
Start importing Assets/AllSkyFree/_AllSkyFreeDemoEnvironment/Mountain Glare.flare using Guid(2a00ea45fcd354f66aa8d68da3f62026) Importer(815301076,1909f56bfc062723c751e8b465ee728b)  -> (artifact id: '88f820b77f306bb6e3de11cbb87326f2') in 0.002629 seconds 
========================================================================
Received Import Request.
  Time since last request: 0.000017 seconds.
  path: Assets/AllSkyFree/_AllSkyFreeDemoEnvironment/SunGlare.psd
  artifactKey: Guid(85a4e5125000348519b7a18a518e6a69) Importer(815301076,1909f56bfc062723c751e8b465ee728b)
Start importing Assets/AllSkyFree/_AllSkyFreeDemoEnvironment/SunGlare.psd using Guid(85a4e5125000348519b7a18a518e6a69) Importer(815301076,1909f56bfc062723c751e8b465ee728b)  -> (artifact id: '3778e4c534c63cff7f3f78bdaf739721') in 0.016293 seconds 
========================================================================
Received Import Request.
  Time since last request: 30.085519 seconds.
  path: Assets/AllSkyFree/Cartoon Base BlueSky/Day_BlueSky_Nothing.mat
  artifactKey: Guid(c56e28e54cac24b04ae3dd957d214534) Importer(815301076,1909f56bfc062723c751e8b465ee728b)
Start importing Assets/AllSkyFree/Cartoon Base BlueSky/Day_BlueSky_Nothing.mat using Guid(c56e28e54cac24b04ae3dd957d214534) Importer(815301076,1909f56bfc062723c751e8b465ee728b)  -> (artifact id: 'd7538eee66effdbc15ee62a28fd18ce4') in 0.174089 seconds 
========================================================================
Received Import Request.
  Time since last request: 5.952076 seconds.
  path: Assets/AllSkyFree/Cold Night/Cold Night Equirect.png
  artifactKey: Guid(97259d0c0ea9f491692be825da27978a) Importer(815301076,1909f56bfc062723c751e8b465ee728b)
Start importing Assets/AllSkyFree/Cold Night/Cold Night Equirect.png using Guid(97259d0c0ea9f491692be825da27978a) Importer(815301076,1909f56bfc062723c751e8b465ee728b)  -> (artifact id: '061c88b253e245d4bc6b42f541ffe86a') in 0.228425 seconds 
========================================================================
Received Import Request.
  Time since last request: 2.632851 seconds.
  path: Assets/AllSkyFree/Space_AnotherPlanet/AllSky_Space_AnotherPlanet_Cam_0_Front+Z.png
  artifactKey: Guid(0b5345cf23ab840779a8cbf1b89f355a) Importer(815301076,1909f56bfc062723c751e8b465ee728b)
Start importing Assets/AllSkyFree/Space_AnotherPlanet/AllSky_Space_AnotherPlanet_Cam_0_Front+Z.png using Guid(0b5345cf23ab840779a8cbf1b89f355a) Importer(815301076,1909f56bfc062723c751e8b465ee728b)  -> (artifact id: '723f48b7022fefca477c74643340b5eb') in 0.014442 seconds 
========================================================================
Received Import Request.
  Time since last request: 0.000031 seconds.
  path: Assets/AllSkyFree/Space_AnotherPlanet/AllSky_Space_AnotherPlanet_Cam_5_Down-Y.png
  artifactKey: Guid(3a639720a92414f45b72b16d6db788ce) Importer(815301076,1909f56bfc062723c751e8b465ee728b)
Start importing Assets/AllSkyFree/Space_AnotherPlanet/AllSky_Space_AnotherPlanet_Cam_5_Down-Y.png using Guid(3a639720a92414f45b72b16d6db788ce) Importer(815301076,1909f56bfc062723c751e8b465ee728b)  -> (artifact id: '536ecaa2cb638672a935e32f3fffcf36') in 0.010562 seconds 
========================================================================
Received Import Request.
  Time since last request: 0.000038 seconds.
  path: Assets/AllSkyFree/Space_AnotherPlanet/AllSky_Space_AnotherPlanet_Cam_3_Right-X.png
  artifactKey: Guid(ca9af6b5ce9284592aabb781392ff61e) Importer(815301076,1909f56bfc062723c751e8b465ee728b)
Start importing Assets/AllSkyFree/Space_AnotherPlanet/AllSky_Space_AnotherPlanet_Cam_3_Right-X.png using Guid(ca9af6b5ce9284592aabb781392ff61e) Importer(815301076,1909f56bfc062723c751e8b465ee728b)  -> (artifact id: '98299829d076cf189b626b18e5adde8e') in 0.016570 seconds 
========================================================================
Received Import Request.
  Time since last request: 0.885441 seconds.
  path: Assets/AllSkyFree/Space_AnotherPlanet/AllSky_Space_AnotherPlanet Equirect.png
  artifactKey: Guid(393dd4c82e2a04ec08ef9f57528230c6) Importer(815301076,1909f56bfc062723c751e8b465ee728b)
Start importing Assets/AllSkyFree/Space_AnotherPlanet/AllSky_Space_AnotherPlanet Equirect.png using Guid(393dd4c82e2a04ec08ef9f57528230c6) Importer(815301076,1909f56bfc062723c751e8b465ee728b)  -> (artifact id: '4e9645557e5f4906688843078fd7a986') in 0.193868 seconds 
========================================================================
Received Import Request.
  Time since last request: 1076.573438 seconds.
  path: Assets/BeautifulSky/Panoramic/Materials/Sky_Anime_01_dusk_a.mat
  artifactKey: Guid(153ab4bc3f5fd7e4d9ba30a7fdaa721c) Importer(815301076,1909f56bfc062723c751e8b465ee728b)
Start importing Assets/BeautifulSky/Panoramic/Materials/Sky_Anime_01_dusk_a.mat using Guid(153ab4bc3f5fd7e4d9ba30a7fdaa721c) Importer(815301076,1909f56bfc062723c751e8b465ee728b)  -> (artifact id: 'fcd1bf2e2013e42588459fbdae742865') in 0.138008 seconds 
========================================================================
Received Import Request.
  Time since last request: 0.000071 seconds.
  path: Assets/BeautifulSky/Panoramic/Materials/Sky_Anime_02_Night_b.mat
  artifactKey: Guid(03f64cdb2ba7d894f87d27250a20a01f) Importer(815301076,1909f56bfc062723c751e8b465ee728b)
Start importing Assets/BeautifulSky/Panoramic/Materials/Sky_Anime_02_Night_b.mat using Guid(03f64cdb2ba7d894f87d27250a20a01f) Importer(815301076,1909f56bfc062723c751e8b465ee728b)  -> (artifact id: '3a2c7a91c23d9854f6d901f879a28426') in 0.066885 seconds 
========================================================================
Received Import Request.
  Time since last request: 0.000089 seconds.
  path: Assets/BeautifulSky/Panoramic/Materials/Sky_Anime_01_dusk_b.mat
  artifactKey: Guid(314481eafb3c7254f851b39afcf210d5) Importer(815301076,1909f56bfc062723c751e8b465ee728b)
Start importing Assets/BeautifulSky/Panoramic/Materials/Sky_Anime_01_dusk_b.mat using Guid(314481eafb3c7254f851b39afcf210d5) Importer(815301076,1909f56bfc062723c751e8b465ee728b)  -> (artifact id: 'ec1e2d51ad27a127816f4444715fc925') in 0.055100 seconds 
========================================================================
Received Import Request.
  Time since last request: 0.000023 seconds.
  path: Assets/BeautifulSky/Panoramic/Materials/Sky_Anime_02_dusk_a.mat
  artifactKey: Guid(1ebb91d1d1e3bd2449b529a81f8de3a2) Importer(815301076,1909f56bfc062723c751e8b465ee728b)
Start importing Assets/BeautifulSky/Panoramic/Materials/Sky_Anime_02_dusk_a.mat using Guid(1ebb91d1d1e3bd2449b529a81f8de3a2) Importer(815301076,1909f56bfc062723c751e8b465ee728b)  -> (artifact id: 'cdf5a9aa66f38268fdafcf66d62f016b') in 0.065917 seconds 
========================================================================
Received Import Request.
  Time since last request: 0.000081 seconds.
  path: Assets/BeautifulSky/Panoramic/Materials/Sky_Anime_02_Night_a.mat
  artifactKey: Guid(f3a45ad5c6450ab4c972c82b09ff4df9) Importer(815301076,1909f56bfc062723c751e8b465ee728b)
Start importing Assets/BeautifulSky/Panoramic/Materials/Sky_Anime_02_Night_a.mat using Guid(f3a45ad5c6450ab4c972c82b09ff4df9) Importer(815301076,1909f56bfc062723c751e8b465ee728b)  -> (artifact id: 'c1f363532673808b0117a38f5ecea704') in 0.046382 seconds 
========================================================================
Received Import Request.
  Time since last request: 0.000054 seconds.
  path: Assets/BeautifulSky/Panoramic/Materials/Sky_Anime_01_Night_b.mat
  artifactKey: Guid(42851e3f043e7f04f9dfaa943ebdc624) Importer(815301076,1909f56bfc062723c751e8b465ee728b)
Start importing Assets/BeautifulSky/Panoramic/Materials/Sky_Anime_01_Night_b.mat using Guid(42851e3f043e7f04f9dfaa943ebdc624) Importer(815301076,1909f56bfc062723c751e8b465ee728b)  -> (artifact id: 'eb1b9270c7dfd0771f806748f1eda9ba') in 0.046681 seconds 
========================================================================
Received Import Request.
  Time since last request: 6.927306 seconds.
  path: Assets/BeautifulSky/Panoramic/Materials/Sky_Anime_08_dusk_a.mat
  artifactKey: Guid(3b41fd32155c2594c8175496db1a76b1) Importer(815301076,1909f56bfc062723c751e8b465ee728b)
Start importing Assets/BeautifulSky/Panoramic/Materials/Sky_Anime_08_dusk_a.mat using Guid(3b41fd32155c2594c8175496db1a76b1) Importer(815301076,1909f56bfc062723c751e8b465ee728b)  -> (artifact id: '3553880c6045e36555fa11e57418e214') in 0.059852 seconds 
========================================================================
Received Import Request.
  Time since last request: 0.020689 seconds.
  path: Assets/BeautifulSky/Panoramic/Materials/Sky_Anime_10_Night_a.mat
  artifactKey: Guid(f68e23c572bdfe34d82054e7f6e4a232) Importer(815301076,1909f56bfc062723c751e8b465ee728b)
Start importing Assets/BeautifulSky/Panoramic/Materials/Sky_Anime_10_Night_a.mat using Guid(f68e23c572bdfe34d82054e7f6e4a232) Importer(815301076,1909f56bfc062723c751e8b465ee728b)  -> (artifact id: '55beecd4d42ef14b19f4281eaf96f95e') in 0.064691 seconds 
========================================================================
Received Import Request.
  Time since last request: 0.436677 seconds.
  path: Assets/BeautifulSky/Panoramic/Materials/Sky_Anime_12_morning_a.mat
  artifactKey: Guid(00e100f81cfdc314abe726c22fb3c495) Importer(815301076,1909f56bfc062723c751e8b465ee728b)
Start importing Assets/BeautifulSky/Panoramic/Materials/Sky_Anime_12_morning_a.mat using Guid(00e100f81cfdc314abe726c22fb3c495) Importer(815301076,1909f56bfc062723c751e8b465ee728b)  -> (artifact id: '2ef1d16216365ffde263656536df0130') in 0.063686 seconds 
========================================================================
Received Import Request.
  Time since last request: 0.000027 seconds.
  path: Assets/BeautifulSky/Panoramic/Materials/Sky_Anime_16_Night_b.mat
  artifactKey: Guid(60fdedea65612674b85b76ca2245d914) Importer(815301076,1909f56bfc062723c751e8b465ee728b)
Start importing Assets/BeautifulSky/Panoramic/Materials/Sky_Anime_16_Night_b.mat using Guid(60fdedea65612674b85b76ca2245d914) Importer(815301076,1909f56bfc062723c751e8b465ee728b)  -> (artifact id: 'f34fe7d819bc3eedce32874295658531') in 0.056143 seconds 
========================================================================
Received Import Request.
  Time since last request: 0.309333 seconds.
  path: Assets/BeautifulSky/Panoramic/Materials/Sky_Anime_18_dusk_a.mat
  artifactKey: Guid(1196c5293901aa148aa87c67aa85ae26) Importer(815301076,1909f56bfc062723c751e8b465ee728b)
Start importing Assets/BeautifulSky/Panoramic/Materials/Sky_Anime_18_dusk_a.mat using Guid(1196c5293901aa148aa87c67aa85ae26) Importer(815301076,1909f56bfc062723c751e8b465ee728b)  -> (artifact id: '0defcddc33b2e81bb455fe7f9a8e93f5') in 0.029835 seconds 
========================================================================
Received Import Request.
  Time since last request: 0.467762 seconds.
  path: Assets/BeautifulSky/Panoramic/Materials/Sky_LowPoly_03_Day_a.mat
  artifactKey: Guid(da181d9c1010b434ab696d2cf03a5e6e) Importer(815301076,1909f56bfc062723c751e8b465ee728b)
Start importing Assets/BeautifulSky/Panoramic/Materials/Sky_LowPoly_03_Day_a.mat using Guid(da181d9c1010b434ab696d2cf03a5e6e) Importer(815301076,1909f56bfc062723c751e8b465ee728b)  -> (artifact id: '4a581d62585b0a2b61cc1ddbc6871140') in 0.025100 seconds 
